<?xml version="1.0" encoding="UTF-8"?>
<!-- Generated by org.testng.reporters.JUnitReportReporter -->
<testsuite hostname="LAPTOP-IGK2Q2EI" failures="0" tests="3" name="TestNG_Practice.Helperfunctions" time="0.010" errors="0" timestamp="2021-10-18T20:54:05 IST" skipped="0">
  <testcase classname="TestNG_Practice.Helperfunctions" name="f1" time="0.008"/>
  <system-out/>
  <testcase classname="TestNG_Practice.Helperfunctions" name="f2" time="0.001"/>
  <system-out/>
  <testcase classname="TestNG_Practice.Helperfunctions" name="f" time="0.001"/>
  <system-out/>
</testsuite> <!-- TestNG_Practice.Helperfunctions -->
