<?xml version="1.0" encoding="UTF-8"?>
<!-- Generated by org.testng.reporters.JUnitReportReporter -->
<testsuite hostname="LAPTOP-IGK2Q2EI" failures="0" tests="1" name="TestNG_Practice.DemoGroups" time="0.012" errors="0" timestamp="2021-10-18T21:40:48 IST" skipped="0">
  <testcase classname="TestNG_Practice.DemoGroups" name="f_group" time="0.012"/>
  <system-out/>
</testsuite> <!-- TestNG_Practice.DemoGroups -->
