<?xml version="1.0" encoding="UTF-8"?>
<!-- Generated by org.testng.reporters.JUnitReportReporter -->
<testsuite hostname="LAPTOP-IGK2Q2EI" failures="0" tests="3" name="TestNG_Practice.Demo1" time="0.005" errors="0" timestamp="2021-10-18T20:15:43 IST" skipped="0">
  <testcase classname="TestNG_Practice.Demo1" name="f1" time="0.001"/>
  <system-out/>
  <testcase classname="TestNG_Practice.Demo1" name="f" time="0.004"/>
  <system-out/>
  <testcase classname="TestNG_Practice.Demo1" name="f2" time="0.000"/>
  <system-out/>
</testsuite> <!-- TestNG_Practice.Demo1 -->
