<?xml version="1.0" encoding="UTF-8"?>
<!-- Generated by org.testng.reporters.JUnitReportReporter -->
<testsuite hostname="LAPTOP-IGK2Q2EI" failures="0" tests="2" name="TestNG_Practice.DataProviderTest" time="0.006" errors="0" timestamp="2021-10-18T23:27:15 IST" skipped="0">
  <testcase classname="TestNG_Practice.DataProviderTest" name="f" time="0.005"/>
  <system-out/>
  <testcase classname="TestNG_Practice.DataProviderTest" name="f" time="0.001"/>
  <system-out/>
</testsuite> <!-- TestNG_Practice.DataProviderTest -->
