<?xml version="1.0" encoding="UTF-8"?>
<!-- Generated by org.testng.reporters.JUnitReportReporter -->
<testsuite hostname="LAPTOP-IGK2Q2EI" failures="0" tests="1" name="TestNG_Practice.ParametersTest" time="8.259" errors="0" timestamp="2021-10-18T23:12:35 IST" skipped="0">
  <testcase classname="TestNG_Practice.ParametersTest" name="f" time="8.259"/>
  <system-out/>
</testsuite> <!-- TestNG_Practice.ParametersTest -->
