<?xml version="1.0" encoding="UTF-8"?>
<!-- Generated by org.testng.reporters.JUnitReportReporter -->
<testsuite hostname="LAPTOP-IGK2Q2EI" failures="0" tests="3" name="TestNG_Practice.Priority" time="0.007" errors="0" timestamp="2021-10-18T20:10:35 IST" skipped="0">
  <testcase classname="TestNG_Practice.Priority" name="f1" time="0.005"/>
  <system-out/>
  <testcase classname="TestNG_Practice.Priority" name="f2" time="0.002"/>
  <system-out/>
  <testcase classname="TestNG_Practice.Priority" name="f" time="0.000"/>
  <system-out/>
</testsuite> <!-- TestNG_Practice.Priority -->
