<?xml version="1.0" encoding="UTF-8"?>
<!-- Generated by org.testng.reporters.JUnitReportReporter -->
<testsuite hostname="LAPTOP-IGK2Q2EI" failures="0" tests="3" name="TestNG_Practice.Include_Exclude" time="0.006" errors="0" timestamp="2021-10-18T21:24:01 IST" skipped="0">
  <testcase classname="TestNG_Practice.Include_Exclude" name="f" time="0.004"/>
  <system-out/>
  <testcase classname="TestNG_Practice.Include_Exclude" name="f4" time="0.001"/>
  <system-out/>
  <testcase classname="TestNG_Practice.Include_Exclude" name="f1" time="0.001"/>
  <system-out/>
</testsuite> <!-- TestNG_Practice.Include_Exclude -->
