<?xml version="1.0" encoding="UTF-8"?>
<!-- Generated by org.testng.reporters.JUnitReportReporter -->
<testsuite hostname="LAPTOP-IGK2Q2EI" failures="0" tests="2" name="TestNG_Practice.DemoTest" time="0.004" errors="0" timestamp="2021-10-18T20:23:37 IST" skipped="0">
  <testcase classname="TestNG_Practice.DemoTest" name="f1" time="0.001"/>
  <system-out/>
  <testcase classname="TestNG_Practice.DemoTest" name="f" time="0.003"/>
  <system-out/>
</testsuite> <!-- TestNG_Practice.DemoTest -->
