<?xml version="1.0" encoding="UTF-8"?>
<!-- Generated by org.testng.reporters.JUnitReportReporter -->
<testsuite hostname="LAPTOP-IGK2Q2EI" failures="0" tests="4" name="TestNG_Practice.ParallelTest" time="0.024" errors="0" timestamp="2021-10-18T22:45:48 IST" skipped="0">
  <testcase classname="TestNG_Practice.ParallelTest" name="f2" time="0.006"/>
  <system-out/>
  <testcase classname="TestNG_Practice.ParallelTest" name="f1" time="0.006"/>
  <system-out/>
  <testcase classname="TestNG_Practice.ParallelTest" name="f3" time="0.006"/>
  <system-out/>
  <testcase classname="TestNG_Practice.ParallelTest" name="f4" time="0.006"/>
  <system-out/>
</testsuite> <!-- TestNG_Practice.ParallelTest -->
