<?xml version="1.0" encoding="UTF-8"?>
<!-- Generated by org.testng.reporters.JUnitReportReporter -->
<testsuite hostname="LAPTOP-IGK2Q2EI" failures="0" tests="1" name="TestNG_Practice.Basic_First" time="15.764" errors="0" timestamp="2021-10-15T21:34:43 IST" skipped="0">
  <testcase classname="TestNG_Practice.Basic_First" name="facebook_login" time="15.764"/>
  <system-out/>
</testsuite> <!-- TestNG_Practice.Basic_First -->
