<?xml version="1.0" encoding="UTF-8"?>
<!-- Generated by org.testng.reporters.JUnitReportReporter -->
<testsuite hostname="LAPTOP-IGK2Q2EI" failures="0" tests="3" name="TestNG_Practice.DemoSuite" time="0.015" errors="0" timestamp="2021-10-18T22:34:31 IST" skipped="0">
  <testcase classname="TestNG_Practice.DemoSuite" name="f11" time="0.006"/>
  <system-out/>
  <testcase classname="TestNG_Practice.DemoSuite" name="f" time="0.004"/>
  <system-out/>
  <testcase classname="TestNG_Practice.DemoSuite" name="f12" time="0.005"/>
  <system-out/>
</testsuite> <!-- TestNG_Practice.DemoSuite -->
