<?xml version="1.0" encoding="UTF-8"?>
<!-- Generated by org.testng.reporters.JUnitReportReporter -->
<testsuite hostname="LAPTOP-IGK2Q2EI" failures="0" tests="3" name="TestNG_Practice.DemoClass" time="0.004" errors="0" timestamp="2021-11-18T20:48:37 IST" skipped="0">
  <testcase classname="TestNG_Practice.DemoClass" name="f" time="0.003"/>
  <system-out/>
  <testcase classname="TestNG_Practice.DemoClass" name="f1" time="0.000"/>
  <system-out/>
  <testcase classname="TestNG_Practice.DemoClass" name="f2" time="0.001"/>
  <system-out/>
</testsuite> <!-- TestNG_Practice.DemoClass -->
